
Gurobi 9.5.1 (win64, Java) logging started Wed Apr  6 11:59:26 2022

Set parameter Username
Academic license - for non-commercial use only - expires 2023-02-25
Set parameter Presolve to value 0
Set parameter Method to value 0

Gurobi 9.5.1 (win64, Java) logging started Wed Apr  6 12:04:09 2022

Set parameter Username
Academic license - for non-commercial use only - expires 2023-02-25
Set parameter Presolve to value 0
Set parameter Method to value 0

Gurobi 9.5.1 (win64, Java) logging started Wed Apr  6 15:27:15 2022

Set parameter Username
Academic license - for non-commercial use only - expires 2023-02-25
Set parameter Presolve to value 0
Set parameter Method to value 0

Gurobi 9.5.1 (win64, Java) logging started Wed Apr  6 15:31:59 2022

Set parameter Username
Academic license - for non-commercial use only - expires 2023-02-25
Set parameter Presolve to value 0
Set parameter Method to value 0

Gurobi 9.5.1 (win64, Java) logging started Wed Apr  6 15:33:13 2022

Set parameter Username
Academic license - for non-commercial use only - expires 2023-02-25
Set parameter Presolve to value 0
Set parameter Method to value 0

Gurobi 9.5.1 (win64, Java) logging started Wed Apr  6 15:37:11 2022

Set parameter Username
Academic license - for non-commercial use only - expires 2023-02-25
Set parameter Presolve to value 0
Set parameter Method to value 0
Gurobi Optimizer version 9.5.1 build v9.5.1rc2 (win64)
Thread count: 4 physical cores, 8 logical processors, using up to 8 threads
Optimize a model with 101 rows, 182 columns and 563 nonzeros
Model fingerprint: 0x849c0eab
Coefficient statistics:
  Matrix range     [1e+00, 3e+03]
  Objective range  [1e+00, 1e+00]
  Bounds range     [0e+00, 0e+00]
  RHS range        [1e+00, 8e+04]
Iteration    Objective       Primal Inf.    Dual Inf.      Time
       0    0.0000000e+00   1.284609e+03   3.745563e+07      0s
      43    0.0000000e+00   0.000000e+00   0.000000e+00      0s

Solved in 43 iterations and 0.01 seconds (0.00 work units)
Optimal objective  0.000000000e+00

Gurobi 9.5.1 (win64, Java) logging started Wed Apr  6 15:39:44 2022

Set parameter Username
Academic license - for non-commercial use only - expires 2023-02-25
Set parameter Presolve to value 0
Set parameter Method to value 0
Gurobi Optimizer version 9.5.1 build v9.5.1rc2 (win64)
Thread count: 4 physical cores, 8 logical processors, using up to 8 threads
Optimize a model with 101 rows, 182 columns and 563 nonzeros
Model fingerprint: 0x849c0eab
Coefficient statistics:
  Matrix range     [1e+00, 3e+03]
  Objective range  [1e+00, 1e+00]
  Bounds range     [0e+00, 0e+00]
  RHS range        [1e+00, 8e+04]
Iteration    Objective       Primal Inf.    Dual Inf.      Time
       0    0.0000000e+00   1.284609e+03   3.745563e+07      0s
      43    0.0000000e+00   0.000000e+00   0.000000e+00      0s

Solved in 43 iterations and 0.00 seconds (0.00 work units)
Optimal objective  0.000000000e+00
Gurobi Optimizer version 9.5.1 build v9.5.1rc2 (win64)
Thread count: 4 physical cores, 8 logical processors, using up to 8 threads
Optimize a model with 101 rows, 283 columns and 662 nonzeros
Model fingerprint: 0x75d5e9f5
Coefficient statistics:
  Matrix range     [1e+00, 3e+03]
  Objective range  [1e+00, 1e+00]
  Bounds range     [0e+00, 0e+00]
  RHS range        [1e+00, 8e+04]
Iteration    Objective       Primal Inf.    Dual Inf.      Time
       0    0.0000000e+00   0.000000e+00   6.400000e+01      0s
       2    0.0000000e+00   0.000000e+00   0.000000e+00      0s

Solved in 2 iterations and 0.00 seconds (0.00 work units)
Optimal objective  0.000000000e+00

Gurobi 9.5.1 (win64, Java) logging started Wed Apr  6 15:42:12 2022

Set parameter Username
Academic license - for non-commercial use only - expires 2023-02-25
Set parameter Presolve to value 0
Set parameter Method to value 0
Gurobi Optimizer version 9.5.1 build v9.5.1rc2 (win64)
Thread count: 4 physical cores, 8 logical processors, using up to 8 threads
Optimize a model with 101 rows, 182 columns and 563 nonzeros
Model fingerprint: 0x849c0eab
Coefficient statistics:
  Matrix range     [1e+00, 3e+03]
  Objective range  [1e+00, 1e+00]
  Bounds range     [0e+00, 0e+00]
  RHS range        [1e+00, 8e+04]
Iteration    Objective       Primal Inf.    Dual Inf.      Time
       0    0.0000000e+00   1.284609e+03   3.745563e+07      0s
      43    0.0000000e+00   0.000000e+00   0.000000e+00      0s

Solved in 43 iterations and 0.00 seconds (0.00 work units)
Optimal objective  0.000000000e+00
Gurobi Optimizer version 9.5.1 build v9.5.1rc2 (win64)
Thread count: 4 physical cores, 8 logical processors, using up to 8 threads
Optimize a model with 101 rows, 283 columns and 662 nonzeros
Model fingerprint: 0x75d5e9f5
Coefficient statistics:
  Matrix range     [1e+00, 3e+03]
  Objective range  [1e+00, 1e+00]
  Bounds range     [0e+00, 0e+00]
  RHS range        [1e+00, 8e+04]
Iteration    Objective       Primal Inf.    Dual Inf.      Time
       0    0.0000000e+00   0.000000e+00   6.400000e+01      0s
       2    0.0000000e+00   0.000000e+00   0.000000e+00      0s

Solved in 2 iterations and 0.00 seconds (0.00 work units)
Optimal objective  0.000000000e+00

Gurobi 9.5.1 (win64, Java) logging started Wed Apr  6 15:45:51 2022

Set parameter Username
Academic license - for non-commercial use only - expires 2023-02-25
Set parameter Presolve to value 0
Set parameter Method to value 0
Gurobi Optimizer version 9.5.1 build v9.5.1rc2 (win64)
Thread count: 4 physical cores, 8 logical processors, using up to 8 threads
Optimize a model with 101 rows, 182 columns and 563 nonzeros
Model fingerprint: 0x849c0eab
Coefficient statistics:
  Matrix range     [1e+00, 3e+03]
  Objective range  [1e+00, 1e+00]
  Bounds range     [0e+00, 0e+00]
  RHS range        [1e+00, 8e+04]
Iteration    Objective       Primal Inf.    Dual Inf.      Time
       0    0.0000000e+00   1.284609e+03   3.745563e+07      0s
      43    0.0000000e+00   0.000000e+00   0.000000e+00      0s

Solved in 43 iterations and 0.00 seconds (0.00 work units)
Optimal objective  0.000000000e+00
Gurobi Optimizer version 9.5.1 build v9.5.1rc2 (win64)
Thread count: 4 physical cores, 8 logical processors, using up to 8 threads
Optimize a model with 101 rows, 283 columns and 662 nonzeros
Model fingerprint: 0x41428668
Coefficient statistics:
  Matrix range     [1e+00, 3e+03]
  Objective range  [1e+00, 1e+00]
  Bounds range     [0e+00, 0e+00]
  RHS range        [1e+00, 8e+04]
Iteration    Objective       Primal Inf.    Dual Inf.      Time
       0    8.2215000e+04   0.000000e+00   2.397156e+03      0s
      40    0.0000000e+00   0.000000e+00   0.000000e+00      0s

Solved in 40 iterations and 0.00 seconds (0.00 work units)
Optimal objective  0.000000000e+00

Gurobi 9.5.1 (win64, Java) logging started Wed Apr  6 16:02:52 2022

Set parameter Username
Academic license - for non-commercial use only - expires 2023-02-25
Set parameter Presolve to value 0
Set parameter Method to value 0
Gurobi Optimizer version 9.5.1 build v9.5.1rc2 (win64)
Thread count: 4 physical cores, 8 logical processors, using up to 8 threads
Optimize a model with 101 rows, 182 columns and 563 nonzeros
Model fingerprint: 0x849c0eab
Coefficient statistics:
  Matrix range     [1e+00, 3e+03]
  Objective range  [1e+00, 1e+00]
  Bounds range     [0e+00, 0e+00]
  RHS range        [1e+00, 8e+04]
Iteration    Objective       Primal Inf.    Dual Inf.      Time
       0    0.0000000e+00   1.284609e+03   3.745563e+07      0s
      43    0.0000000e+00   0.000000e+00   0.000000e+00      0s

Solved in 43 iterations and 0.00 seconds (0.00 work units)
Optimal objective  0.000000000e+00
Gurobi Optimizer version 9.5.1 build v9.5.1rc2 (win64)
Thread count: 4 physical cores, 8 logical processors, using up to 8 threads
Optimize a model with 101 rows, 283 columns and 662 nonzeros
Model fingerprint: 0x41428668
Coefficient statistics:
  Matrix range     [1e+00, 3e+03]
  Objective range  [1e+00, 1e+00]
  Bounds range     [0e+00, 0e+00]
  RHS range        [1e+00, 8e+04]
Iteration    Objective       Primal Inf.    Dual Inf.      Time
       0    8.2215000e+04   0.000000e+00   2.397156e+03      0s
      40    0.0000000e+00   0.000000e+00   0.000000e+00      0s

Solved in 40 iterations and 0.00 seconds (0.00 work units)
Optimal objective  0.000000000e+00

Gurobi 9.5.1 (win64, Java) logging started Wed Apr  6 16:22:57 2022

Set parameter Username
Academic license - for non-commercial use only - expires 2023-02-25
Set parameter Presolve to value 0
Set parameter Method to value 0
Gurobi Optimizer version 9.5.1 build v9.5.1rc2 (win64)
Thread count: 4 physical cores, 8 logical processors, using up to 8 threads
Optimize a model with 101 rows, 182 columns and 563 nonzeros
Model fingerprint: 0x849c0eab
Coefficient statistics:
  Matrix range     [1e+00, 3e+03]
  Objective range  [1e+00, 1e+00]
  Bounds range     [0e+00, 0e+00]
  RHS range        [1e+00, 8e+04]
Iteration    Objective       Primal Inf.    Dual Inf.      Time
       0    0.0000000e+00   1.284609e+03   3.745563e+07      0s
      43    0.0000000e+00   0.000000e+00   0.000000e+00      0s

Solved in 43 iterations and 0.00 seconds (0.00 work units)
Optimal objective  0.000000000e+00
Gurobi Optimizer version 9.5.1 build v9.5.1rc2 (win64)
Thread count: 4 physical cores, 8 logical processors, using up to 8 threads
Optimize a model with 101 rows, 283 columns and 662 nonzeros
Model fingerprint: 0x41428668
Coefficient statistics:
  Matrix range     [1e+00, 3e+03]
  Objective range  [1e+00, 1e+00]
  Bounds range     [0e+00, 0e+00]
  RHS range        [1e+00, 8e+04]
Iteration    Objective       Primal Inf.    Dual Inf.      Time
       0    8.2215000e+04   0.000000e+00   2.397156e+03      0s
      40    0.0000000e+00   0.000000e+00   0.000000e+00      0s

Solved in 40 iterations and 0.00 seconds (0.00 work units)
Optimal objective  0.000000000e+00

Gurobi 9.5.1 (win64, Java) logging started Wed Apr  6 16:29:05 2022

Set parameter Username
Academic license - for non-commercial use only - expires 2023-02-25
Set parameter Presolve to value 0
Set parameter Method to value 0
Gurobi Optimizer version 9.5.1 build v9.5.1rc2 (win64)
Thread count: 4 physical cores, 8 logical processors, using up to 8 threads
Optimize a model with 101 rows, 182 columns and 563 nonzeros
Model fingerprint: 0x849c0eab
Coefficient statistics:
  Matrix range     [1e+00, 3e+03]
  Objective range  [1e+00, 1e+00]
  Bounds range     [0e+00, 0e+00]
  RHS range        [1e+00, 8e+04]
Iteration    Objective       Primal Inf.    Dual Inf.      Time
       0    0.0000000e+00   1.284609e+03   3.745563e+07      0s
      43    0.0000000e+00   0.000000e+00   0.000000e+00      0s

Solved in 43 iterations and 0.00 seconds (0.00 work units)
Optimal objective  0.000000000e+00
Gurobi Optimizer version 9.5.1 build v9.5.1rc2 (win64)
Thread count: 4 physical cores, 8 logical processors, using up to 8 threads
Optimize a model with 101 rows, 283 columns and 662 nonzeros
Model fingerprint: 0x41428668
Coefficient statistics:
  Matrix range     [1e+00, 3e+03]
  Objective range  [1e+00, 1e+00]
  Bounds range     [0e+00, 0e+00]
  RHS range        [1e+00, 8e+04]
Iteration    Objective       Primal Inf.    Dual Inf.      Time
       0    8.2215000e+04   0.000000e+00   2.397156e+03      0s
      40    0.0000000e+00   0.000000e+00   0.000000e+00      0s

Solved in 40 iterations and 0.00 seconds (0.00 work units)
Optimal objective  0.000000000e+00

Gurobi 9.5.1 (win64, Java) logging started Wed Apr  6 16:29:08 2022

Set parameter Username
Academic license - for non-commercial use only - expires 2023-02-25
Set parameter Presolve to value 0
Set parameter Method to value 0
Gurobi Optimizer version 9.5.1 build v9.5.1rc2 (win64)
Thread count: 4 physical cores, 8 logical processors, using up to 8 threads
Optimize a model with 101 rows, 182 columns and 563 nonzeros
Model fingerprint: 0x849c0eab
Coefficient statistics:
  Matrix range     [1e+00, 3e+03]
  Objective range  [1e+00, 1e+00]
  Bounds range     [0e+00, 0e+00]
  RHS range        [1e+00, 8e+04]
Iteration    Objective       Primal Inf.    Dual Inf.      Time
       0    0.0000000e+00   1.284609e+03   3.745563e+07      0s
      43    0.0000000e+00   0.000000e+00   0.000000e+00      0s

Solved in 43 iterations and 0.00 seconds (0.00 work units)
Optimal objective  0.000000000e+00
Gurobi Optimizer version 9.5.1 build v9.5.1rc2 (win64)
Thread count: 4 physical cores, 8 logical processors, using up to 8 threads
Optimize a model with 101 rows, 283 columns and 662 nonzeros
Model fingerprint: 0x41428668
Coefficient statistics:
  Matrix range     [1e+00, 3e+03]
  Objective range  [1e+00, 1e+00]
  Bounds range     [0e+00, 0e+00]
  RHS range        [1e+00, 8e+04]
Iteration    Objective       Primal Inf.    Dual Inf.      Time
       0    8.2215000e+04   0.000000e+00   2.397156e+03      0s
      40    0.0000000e+00   0.000000e+00   0.000000e+00      0s

Solved in 40 iterations and 0.00 seconds (0.00 work units)
Optimal objective  0.000000000e+00

Gurobi 9.5.1 (win64, Java) logging started Wed Apr  6 16:45:35 2022

Set parameter Username
Academic license - for non-commercial use only - expires 2023-02-25
Set parameter Presolve to value 0
Set parameter Method to value 0
Gurobi Optimizer version 9.5.1 build v9.5.1rc2 (win64)
Thread count: 4 physical cores, 8 logical processors, using up to 8 threads
Optimize a model with 101 rows, 182 columns and 563 nonzeros
Model fingerprint: 0x849c0eab
Coefficient statistics:
  Matrix range     [1e+00, 3e+03]
  Objective range  [1e+00, 1e+00]
  Bounds range     [0e+00, 0e+00]
  RHS range        [1e+00, 8e+04]
Iteration    Objective       Primal Inf.    Dual Inf.      Time
       0    0.0000000e+00   1.284609e+03   3.745563e+07      0s
      43    0.0000000e+00   0.000000e+00   0.000000e+00      0s

Solved in 43 iterations and 0.00 seconds (0.00 work units)
Optimal objective  0.000000000e+00
Gurobi Optimizer version 9.5.1 build v9.5.1rc2 (win64)
Thread count: 4 physical cores, 8 logical processors, using up to 8 threads
Optimize a model with 101 rows, 283 columns and 662 nonzeros
Model fingerprint: 0x41428668
Coefficient statistics:
  Matrix range     [1e+00, 3e+03]
  Objective range  [1e+00, 1e+00]
  Bounds range     [0e+00, 0e+00]
  RHS range        [1e+00, 8e+04]
Iteration    Objective       Primal Inf.    Dual Inf.      Time
       0    8.2215000e+04   0.000000e+00   2.397156e+03      0s
      40    0.0000000e+00   0.000000e+00   0.000000e+00      0s

Solved in 40 iterations and 0.00 seconds (0.00 work units)
Optimal objective  0.000000000e+00

Gurobi 9.5.1 (win64, Java) logging started Wed Apr  6 17:09:12 2022

Set parameter Username
Academic license - for non-commercial use only - expires 2023-02-25
Set parameter Presolve to value 0
Set parameter Method to value 0
Gurobi Optimizer version 9.5.1 build v9.5.1rc2 (win64)
Thread count: 4 physical cores, 8 logical processors, using up to 8 threads
Optimize a model with 101 rows, 182 columns and 563 nonzeros
Model fingerprint: 0x849c0eab
Coefficient statistics:
  Matrix range     [1e+00, 3e+03]
  Objective range  [1e+00, 1e+00]
  Bounds range     [0e+00, 0e+00]
  RHS range        [1e+00, 8e+04]
Iteration    Objective       Primal Inf.    Dual Inf.      Time
       0    0.0000000e+00   1.284609e+03   3.745563e+07      0s
      43    0.0000000e+00   0.000000e+00   0.000000e+00      0s

Solved in 43 iterations and 0.00 seconds (0.00 work units)
Optimal objective  0.000000000e+00
Gurobi Optimizer version 9.5.1 build v9.5.1rc2 (win64)
Thread count: 4 physical cores, 8 logical processors, using up to 8 threads
Optimize a model with 101 rows, 283 columns and 662 nonzeros
Model fingerprint: 0x41428668
Coefficient statistics:
  Matrix range     [1e+00, 3e+03]
  Objective range  [1e+00, 1e+00]
  Bounds range     [0e+00, 0e+00]
  RHS range        [1e+00, 8e+04]
Iteration    Objective       Primal Inf.    Dual Inf.      Time
       0    8.2215000e+04   0.000000e+00   2.397156e+03      0s
      40    0.0000000e+00   0.000000e+00   0.000000e+00      0s

Solved in 40 iterations and 0.00 seconds (0.00 work units)
Optimal objective  0.000000000e+00

Gurobi 9.5.1 (win64, Java) logging started Wed Apr  6 17:11:15 2022

Set parameter Username
Academic license - for non-commercial use only - expires 2023-02-25
Set parameter Presolve to value 0
Set parameter Method to value 0
Gurobi Optimizer version 9.5.1 build v9.5.1rc2 (win64)
Thread count: 4 physical cores, 8 logical processors, using up to 8 threads
Optimize a model with 101 rows, 182 columns and 563 nonzeros
Model fingerprint: 0x849c0eab
Coefficient statistics:
  Matrix range     [1e+00, 3e+03]
  Objective range  [1e+00, 1e+00]
  Bounds range     [0e+00, 0e+00]
  RHS range        [1e+00, 8e+04]
Iteration    Objective       Primal Inf.    Dual Inf.      Time
       0    0.0000000e+00   1.284609e+03   3.745563e+07      0s
      43    0.0000000e+00   0.000000e+00   0.000000e+00      0s

Solved in 43 iterations and 0.00 seconds (0.00 work units)
Optimal objective  0.000000000e+00
Gurobi Optimizer version 9.5.1 build v9.5.1rc2 (win64)
Thread count: 4 physical cores, 8 logical processors, using up to 8 threads
Optimize a model with 101 rows, 283 columns and 662 nonzeros
Model fingerprint: 0x41428668
Coefficient statistics:
  Matrix range     [1e+00, 3e+03]
  Objective range  [1e+00, 1e+00]
  Bounds range     [0e+00, 0e+00]
  RHS range        [1e+00, 8e+04]
Iteration    Objective       Primal Inf.    Dual Inf.      Time
       0    8.2215000e+04   0.000000e+00   2.397156e+03      0s
      40    0.0000000e+00   0.000000e+00   0.000000e+00      0s

Solved in 40 iterations and 0.00 seconds (0.00 work units)
Optimal objective  0.000000000e+00

Gurobi 9.5.1 (win64, Java) logging started Wed Apr  6 17:13:33 2022

Set parameter Username
Academic license - for non-commercial use only - expires 2023-02-25
Set parameter Presolve to value 0
Set parameter Method to value 0
Gurobi Optimizer version 9.5.1 build v9.5.1rc2 (win64)
Thread count: 4 physical cores, 8 logical processors, using up to 8 threads
Optimize a model with 101 rows, 182 columns and 563 nonzeros
Model fingerprint: 0x849c0eab
Coefficient statistics:
  Matrix range     [1e+00, 3e+03]
  Objective range  [1e+00, 1e+00]
  Bounds range     [0e+00, 0e+00]
  RHS range        [1e+00, 8e+04]
Iteration    Objective       Primal Inf.    Dual Inf.      Time
       0    0.0000000e+00   1.284609e+03   3.745563e+07      0s
      43    0.0000000e+00   0.000000e+00   0.000000e+00      0s

Solved in 43 iterations and 0.00 seconds (0.00 work units)
Optimal objective  0.000000000e+00
Gurobi Optimizer version 9.5.1 build v9.5.1rc2 (win64)
Thread count: 4 physical cores, 8 logical processors, using up to 8 threads
Optimize a model with 101 rows, 283 columns and 662 nonzeros
Model fingerprint: 0x41428668
Coefficient statistics:
  Matrix range     [1e+00, 3e+03]
  Objective range  [1e+00, 1e+00]
  Bounds range     [0e+00, 0e+00]
  RHS range        [1e+00, 8e+04]
Iteration    Objective       Primal Inf.    Dual Inf.      Time
       0    8.2215000e+04   0.000000e+00   2.397156e+03      0s
      40    0.0000000e+00   0.000000e+00   0.000000e+00      0s

Solved in 40 iterations and 0.00 seconds (0.00 work units)
Optimal objective  0.000000000e+00

Gurobi 9.5.1 (win64, Java) logging started Fri Apr  8 14:53:17 2022

Set parameter Username
Academic license - for non-commercial use only - expires 2023-02-25
Set parameter Presolve to value 0
Set parameter Method to value 0
Gurobi Optimizer version 9.5.1 build v9.5.1rc2 (win64)
Thread count: 4 physical cores, 8 logical processors, using up to 8 threads
Optimize a model with 101 rows, 182 columns and 563 nonzeros
Model fingerprint: 0x849c0eab
Coefficient statistics:
  Matrix range     [1e+00, 3e+03]
  Objective range  [1e+00, 1e+00]
  Bounds range     [0e+00, 0e+00]
  RHS range        [1e+00, 8e+04]
Iteration    Objective       Primal Inf.    Dual Inf.      Time
       0    0.0000000e+00   1.284609e+03   3.745563e+07      0s
      43    0.0000000e+00   0.000000e+00   0.000000e+00      0s

Solved in 43 iterations and 0.01 seconds (0.00 work units)
Optimal objective  0.000000000e+00
Gurobi Optimizer version 9.5.1 build v9.5.1rc2 (win64)
Thread count: 4 physical cores, 8 logical processors, using up to 8 threads
Optimize a model with 101 rows, 283 columns and 662 nonzeros
Model fingerprint: 0x41428668
Coefficient statistics:
  Matrix range     [1e+00, 3e+03]
  Objective range  [1e+00, 1e+00]
  Bounds range     [0e+00, 0e+00]
  RHS range        [1e+00, 8e+04]
Iteration    Objective       Primal Inf.    Dual Inf.      Time
       0    8.2215000e+04   0.000000e+00   2.397156e+03      0s
      40    0.0000000e+00   0.000000e+00   0.000000e+00      0s

Solved in 40 iterations and 0.00 seconds (0.00 work units)
Optimal objective  0.000000000e+00

Gurobi 9.5.1 (win64, Java) logging started Fri Apr  8 15:09:33 2022

Set parameter Username
Academic license - for non-commercial use only - expires 2023-02-25
Set parameter Presolve to value 0
Set parameter Method to value 0
Gurobi Optimizer version 9.5.1 build v9.5.1rc2 (win64)
Thread count: 4 physical cores, 8 logical processors, using up to 8 threads
Optimize a model with 101 rows, 182 columns and 563 nonzeros
Model fingerprint: 0x849c0eab
Coefficient statistics:
  Matrix range     [1e+00, 3e+03]
  Objective range  [1e+00, 1e+00]
  Bounds range     [0e+00, 0e+00]
  RHS range        [1e+00, 8e+04]
Iteration    Objective       Primal Inf.    Dual Inf.      Time
       0    0.0000000e+00   1.284609e+03   3.745563e+07      0s
      43    0.0000000e+00   0.000000e+00   0.000000e+00      0s

Solved in 43 iterations and 0.00 seconds (0.00 work units)
Optimal objective  0.000000000e+00
Gurobi Optimizer version 9.5.1 build v9.5.1rc2 (win64)
Thread count: 4 physical cores, 8 logical processors, using up to 8 threads
Optimize a model with 101 rows, 283 columns and 662 nonzeros
Model fingerprint: 0x41428668
Coefficient statistics:
  Matrix range     [1e+00, 3e+03]
  Objective range  [1e+00, 1e+00]
  Bounds range     [0e+00, 0e+00]
  RHS range        [1e+00, 8e+04]
Iteration    Objective       Primal Inf.    Dual Inf.      Time
       0    8.2215000e+04   0.000000e+00   2.397156e+03      0s
      40    0.0000000e+00   0.000000e+00   0.000000e+00      0s

Solved in 40 iterations and 0.00 seconds (0.00 work units)
Optimal objective  0.000000000e+00
Gurobi Optimizer version 9.5.1 build v9.5.1rc2 (win64)
Thread count: 4 physical cores, 8 logical processors, using up to 8 threads
Optimize a model with 102 rows, 182 columns and 564 nonzeros
Coefficient statistics:
  Matrix range     [1e+00, 3e+03]
  Objective range  [1e+00, 1e+00]
  Bounds range     [0e+00, 0e+00]
  RHS range        [1e+00, 8e+04]
Iteration    Objective       Primal Inf.    Dual Inf.      Time
       0    0.0000000e+00   1.000000e+00   9.999995e+05      0s
       1    5.0000000e-01   0.000000e+00   0.000000e+00      0s

Solved in 1 iterations and 0.00 seconds (0.00 work units)
Optimal objective  5.000000000e-01

Gurobi 9.5.1 (win64, Java) logging started Fri Apr  8 15:09:45 2022

Set parameter Username
Academic license - for non-commercial use only - expires 2023-02-25
Set parameter Presolve to value 0
Set parameter Method to value 0
Gurobi Optimizer version 9.5.1 build v9.5.1rc2 (win64)
Thread count: 4 physical cores, 8 logical processors, using up to 8 threads
Optimize a model with 101 rows, 182 columns and 563 nonzeros
Model fingerprint: 0x849c0eab
Coefficient statistics:
  Matrix range     [1e+00, 3e+03]
  Objective range  [1e+00, 1e+00]
  Bounds range     [0e+00, 0e+00]
  RHS range        [1e+00, 8e+04]
Iteration    Objective       Primal Inf.    Dual Inf.      Time
       0    0.0000000e+00   1.284609e+03   3.745563e+07      0s
      43    0.0000000e+00   0.000000e+00   0.000000e+00      0s

Solved in 43 iterations and 0.00 seconds (0.00 work units)
Optimal objective  0.000000000e+00
Gurobi Optimizer version 9.5.1 build v9.5.1rc2 (win64)
Thread count: 4 physical cores, 8 logical processors, using up to 8 threads
Optimize a model with 101 rows, 283 columns and 662 nonzeros
Model fingerprint: 0x41428668
Coefficient statistics:
  Matrix range     [1e+00, 3e+03]
  Objective range  [1e+00, 1e+00]
  Bounds range     [0e+00, 0e+00]
  RHS range        [1e+00, 8e+04]
Iteration    Objective       Primal Inf.    Dual Inf.      Time
       0    8.2215000e+04   0.000000e+00   2.397156e+03      0s
      40    0.0000000e+00   0.000000e+00   0.000000e+00      0s

Solved in 40 iterations and 0.00 seconds (0.00 work units)
Optimal objective  0.000000000e+00
Gurobi Optimizer version 9.5.1 build v9.5.1rc2 (win64)
Thread count: 4 physical cores, 8 logical processors, using up to 8 threads
Optimize a model with 102 rows, 182 columns and 564 nonzeros
Coefficient statistics:
  Matrix range     [1e+00, 3e+03]
  Objective range  [1e+00, 1e+00]
  Bounds range     [0e+00, 0e+00]
  RHS range        [1e+00, 8e+04]
Iteration    Objective       Primal Inf.    Dual Inf.      Time
       0    0.0000000e+00   1.000000e+00   9.999995e+05      0s
       1    5.0000000e-01   0.000000e+00   0.000000e+00      0s

Solved in 1 iterations and 0.00 seconds (0.00 work units)
Optimal objective  5.000000000e-01

Gurobi 9.5.1 (win64, Java) logging started Fri Apr  8 15:16:07 2022

Set parameter Username
Academic license - for non-commercial use only - expires 2023-02-25
Set parameter Presolve to value 0
Set parameter Method to value 0
Gurobi Optimizer version 9.5.1 build v9.5.1rc2 (win64)
Thread count: 4 physical cores, 8 logical processors, using up to 8 threads
Optimize a model with 101 rows, 182 columns and 563 nonzeros
Model fingerprint: 0x849c0eab
Coefficient statistics:
  Matrix range     [1e+00, 3e+03]
  Objective range  [1e+00, 1e+00]
  Bounds range     [0e+00, 0e+00]
  RHS range        [1e+00, 8e+04]
Iteration    Objective       Primal Inf.    Dual Inf.      Time
       0    0.0000000e+00   1.284609e+03   3.745563e+07      0s
      43    0.0000000e+00   0.000000e+00   0.000000e+00      0s

Solved in 43 iterations and 0.00 seconds (0.00 work units)
Optimal objective  0.000000000e+00
Gurobi Optimizer version 9.5.1 build v9.5.1rc2 (win64)
Thread count: 4 physical cores, 8 logical processors, using up to 8 threads
Optimize a model with 101 rows, 283 columns and 662 nonzeros
Model fingerprint: 0x41428668
Coefficient statistics:
  Matrix range     [1e+00, 3e+03]
  Objective range  [1e+00, 1e+00]
  Bounds range     [0e+00, 0e+00]
  RHS range        [1e+00, 8e+04]
Iteration    Objective       Primal Inf.    Dual Inf.      Time
       0    8.2215000e+04   0.000000e+00   2.397156e+03      0s
      40    0.0000000e+00   0.000000e+00   0.000000e+00      0s

Solved in 40 iterations and 0.00 seconds (0.00 work units)
Optimal objective  0.000000000e+00
Gurobi Optimizer version 9.5.1 build v9.5.1rc2 (win64)
Thread count: 4 physical cores, 8 logical processors, using up to 8 threads
Optimize a model with 102 rows, 182 columns and 564 nonzeros
Coefficient statistics:
  Matrix range     [1e+00, 3e+03]
  Objective range  [1e+00, 1e+00]
  Bounds range     [0e+00, 0e+00]
  RHS range        [1e+00, 8e+04]
Iteration    Objective       Primal Inf.    Dual Inf.      Time
       0    0.0000000e+00   1.000000e+00   9.999995e+05      0s
       1    5.0000000e-01   0.000000e+00   0.000000e+00      0s

Solved in 1 iterations and 0.00 seconds (0.00 work units)
Optimal objective  5.000000000e-01

Gurobi 9.5.1 (win64, Java) logging started Fri Apr  8 15:27:18 2022

Set parameter Username
Academic license - for non-commercial use only - expires 2023-02-25
Set parameter Presolve to value 0
Set parameter Method to value 0
Gurobi Optimizer version 9.5.1 build v9.5.1rc2 (win64)
Thread count: 4 physical cores, 8 logical processors, using up to 8 threads
Optimize a model with 101 rows, 182 columns and 563 nonzeros
Model fingerprint: 0x849c0eab
Coefficient statistics:
  Matrix range     [1e+00, 3e+03]
  Objective range  [1e+00, 1e+00]
  Bounds range     [0e+00, 0e+00]
  RHS range        [1e+00, 8e+04]
Iteration    Objective       Primal Inf.    Dual Inf.      Time
       0    0.0000000e+00   1.284609e+03   3.745563e+07      0s
      43    0.0000000e+00   0.000000e+00   0.000000e+00      0s

Solved in 43 iterations and 0.00 seconds (0.00 work units)
Optimal objective  0.000000000e+00
Gurobi Optimizer version 9.5.1 build v9.5.1rc2 (win64)
Thread count: 4 physical cores, 8 logical processors, using up to 8 threads
Optimize a model with 101 rows, 283 columns and 662 nonzeros
Model fingerprint: 0x41428668
Coefficient statistics:
  Matrix range     [1e+00, 3e+03]
  Objective range  [1e+00, 1e+00]
  Bounds range     [0e+00, 0e+00]
  RHS range        [1e+00, 8e+04]
Iteration    Objective       Primal Inf.    Dual Inf.      Time
       0    8.2215000e+04   0.000000e+00   2.397156e+03      0s
      40    0.0000000e+00   0.000000e+00   0.000000e+00      0s

Solved in 40 iterations and 0.00 seconds (0.00 work units)
Optimal objective  0.000000000e+00
Gurobi Optimizer version 9.5.1 build v9.5.1rc2 (win64)
Thread count: 4 physical cores, 8 logical processors, using up to 8 threads
Optimize a model with 102 rows, 182 columns and 564 nonzeros
Coefficient statistics:
  Matrix range     [1e+00, 3e+03]
  Objective range  [1e+00, 1e+00]
  Bounds range     [0e+00, 0e+00]
  RHS range        [1e+00, 8e+04]
Iteration    Objective       Primal Inf.    Dual Inf.      Time
       0    0.0000000e+00   1.000000e+00   9.999995e+05      0s
       1    5.0000000e-01   0.000000e+00   0.000000e+00      0s

Solved in 1 iterations and 0.00 seconds (0.00 work units)
Optimal objective  5.000000000e-01

Gurobi 9.5.1 (win64, Java) logging started Fri Apr  8 15:28:03 2022

Set parameter Username
Academic license - for non-commercial use only - expires 2023-02-25
Set parameter Presolve to value 0
Set parameter Method to value 0
Gurobi Optimizer version 9.5.1 build v9.5.1rc2 (win64)
Thread count: 4 physical cores, 8 logical processors, using up to 8 threads
Optimize a model with 101 rows, 182 columns and 563 nonzeros
Model fingerprint: 0x849c0eab
Coefficient statistics:
  Matrix range     [1e+00, 3e+03]
  Objective range  [1e+00, 1e+00]
  Bounds range     [0e+00, 0e+00]
  RHS range        [1e+00, 8e+04]
Iteration    Objective       Primal Inf.    Dual Inf.      Time
       0    0.0000000e+00   1.284609e+03   3.745563e+07      0s
      43    0.0000000e+00   0.000000e+00   0.000000e+00      0s

Solved in 43 iterations and 0.01 seconds (0.00 work units)
Optimal objective  0.000000000e+00
Gurobi Optimizer version 9.5.1 build v9.5.1rc2 (win64)
Thread count: 4 physical cores, 8 logical processors, using up to 8 threads
Optimize a model with 101 rows, 283 columns and 662 nonzeros
Model fingerprint: 0x41428668
Coefficient statistics:
  Matrix range     [1e+00, 3e+03]
  Objective range  [1e+00, 1e+00]
  Bounds range     [0e+00, 0e+00]
  RHS range        [1e+00, 8e+04]
Iteration    Objective       Primal Inf.    Dual Inf.      Time
       0    8.2215000e+04   0.000000e+00   2.397156e+03      0s
      40    0.0000000e+00   0.000000e+00   0.000000e+00      0s

Solved in 40 iterations and 0.00 seconds (0.00 work units)
Optimal objective  0.000000000e+00
Gurobi Optimizer version 9.5.1 build v9.5.1rc2 (win64)
Thread count: 4 physical cores, 8 logical processors, using up to 8 threads
Optimize a model with 102 rows, 182 columns and 564 nonzeros
Coefficient statistics:
  Matrix range     [1e+00, 3e+03]
  Objective range  [1e+00, 1e+00]
  Bounds range     [0e+00, 0e+00]
  RHS range        [1e+00, 8e+04]
Iteration    Objective       Primal Inf.    Dual Inf.      Time
       0    0.0000000e+00   1.000000e+00   9.999995e+05      0s
       1    5.0000000e-01   0.000000e+00   0.000000e+00      0s

Solved in 1 iterations and 0.00 seconds (0.00 work units)
Optimal objective  5.000000000e-01

Gurobi 9.5.1 (win64, Java) logging started Fri Apr  8 15:37:32 2022

Set parameter Username
Academic license - for non-commercial use only - expires 2023-02-25
Set parameter Presolve to value 0
Set parameter Method to value 0
Gurobi Optimizer version 9.5.1 build v9.5.1rc2 (win64)
Thread count: 4 physical cores, 8 logical processors, using up to 8 threads
Optimize a model with 101 rows, 182 columns and 563 nonzeros
Model fingerprint: 0x849c0eab
Coefficient statistics:
  Matrix range     [1e+00, 3e+03]
  Objective range  [1e+00, 1e+00]
  Bounds range     [0e+00, 0e+00]
  RHS range        [1e+00, 8e+04]
Iteration    Objective       Primal Inf.    Dual Inf.      Time
       0    0.0000000e+00   1.284609e+03   3.745563e+07      0s
      43    0.0000000e+00   0.000000e+00   0.000000e+00      0s

Solved in 43 iterations and 0.00 seconds (0.00 work units)
Optimal objective  0.000000000e+00
Gurobi Optimizer version 9.5.1 build v9.5.1rc2 (win64)
Thread count: 4 physical cores, 8 logical processors, using up to 8 threads
Optimize a model with 101 rows, 283 columns and 662 nonzeros
Model fingerprint: 0x41428668
Coefficient statistics:
  Matrix range     [1e+00, 3e+03]
  Objective range  [1e+00, 1e+00]
  Bounds range     [0e+00, 0e+00]
  RHS range        [1e+00, 8e+04]
Iteration    Objective       Primal Inf.    Dual Inf.      Time
       0    8.2215000e+04   0.000000e+00   2.397156e+03      0s
      40    0.0000000e+00   0.000000e+00   0.000000e+00      0s

Solved in 40 iterations and 0.00 seconds (0.00 work units)
Optimal objective  0.000000000e+00
Gurobi Optimizer version 9.5.1 build v9.5.1rc2 (win64)
Thread count: 4 physical cores, 8 logical processors, using up to 8 threads
Optimize a model with 102 rows, 182 columns and 564 nonzeros
Coefficient statistics:
  Matrix range     [1e+00, 3e+03]
  Objective range  [1e+00, 1e+00]
  Bounds range     [0e+00, 0e+00]
  RHS range        [1e+00, 8e+04]
Iteration    Objective       Primal Inf.    Dual Inf.      Time
       0    0.0000000e+00   1.000000e+00   9.999995e+05      0s
       1    5.0000000e-01   0.000000e+00   0.000000e+00      0s

Solved in 1 iterations and 0.00 seconds (0.00 work units)
Optimal objective  5.000000000e-01

Gurobi 9.5.1 (win64, Java) logging started Fri Apr  8 15:40:12 2022

Set parameter Username
Academic license - for non-commercial use only - expires 2023-02-25
Set parameter Presolve to value 0
Set parameter Method to value 0
Gurobi Optimizer version 9.5.1 build v9.5.1rc2 (win64)
Thread count: 4 physical cores, 8 logical processors, using up to 8 threads
Optimize a model with 101 rows, 182 columns and 563 nonzeros
Model fingerprint: 0x849c0eab
Coefficient statistics:
  Matrix range     [1e+00, 3e+03]
  Objective range  [1e+00, 1e+00]
  Bounds range     [0e+00, 0e+00]
  RHS range        [1e+00, 8e+04]
Iteration    Objective       Primal Inf.    Dual Inf.      Time
       0    0.0000000e+00   1.284609e+03   3.745563e+07      0s
      43    0.0000000e+00   0.000000e+00   0.000000e+00      0s

Solved in 43 iterations and 0.00 seconds (0.00 work units)
Optimal objective  0.000000000e+00
Gurobi Optimizer version 9.5.1 build v9.5.1rc2 (win64)
Thread count: 4 physical cores, 8 logical processors, using up to 8 threads
Optimize a model with 101 rows, 283 columns and 662 nonzeros
Model fingerprint: 0x41428668
Coefficient statistics:
  Matrix range     [1e+00, 3e+03]
  Objective range  [1e+00, 1e+00]
  Bounds range     [0e+00, 0e+00]
  RHS range        [1e+00, 8e+04]
Iteration    Objective       Primal Inf.    Dual Inf.      Time
       0    8.2215000e+04   0.000000e+00   2.397156e+03      0s
      40    0.0000000e+00   0.000000e+00   0.000000e+00      0s

Solved in 40 iterations and 0.00 seconds (0.00 work units)
Optimal objective  0.000000000e+00
Gurobi Optimizer version 9.5.1 build v9.5.1rc2 (win64)
Thread count: 4 physical cores, 8 logical processors, using up to 8 threads
Optimize a model with 102 rows, 182 columns and 564 nonzeros
Coefficient statistics:
  Matrix range     [1e+00, 3e+03]
  Objective range  [1e+00, 1e+00]
  Bounds range     [0e+00, 0e+00]
  RHS range        [1e+00, 8e+04]
Iteration    Objective       Primal Inf.    Dual Inf.      Time
       0    0.0000000e+00   1.000000e+00   9.999995e+05      0s
       1    5.0000000e-01   0.000000e+00   0.000000e+00      0s

Solved in 1 iterations and 0.00 seconds (0.00 work units)
Optimal objective  5.000000000e-01

Gurobi 9.5.1 (win64, Java) logging started Fri Apr  8 15:40:59 2022

Set parameter Username
Academic license - for non-commercial use only - expires 2023-02-25
Set parameter Presolve to value 0
Set parameter Method to value 0
Gurobi Optimizer version 9.5.1 build v9.5.1rc2 (win64)
Thread count: 4 physical cores, 8 logical processors, using up to 8 threads
Optimize a model with 101 rows, 182 columns and 563 nonzeros
Model fingerprint: 0x849c0eab
Coefficient statistics:
  Matrix range     [1e+00, 3e+03]
  Objective range  [1e+00, 1e+00]
  Bounds range     [0e+00, 0e+00]
  RHS range        [1e+00, 8e+04]
Iteration    Objective       Primal Inf.    Dual Inf.      Time
       0    0.0000000e+00   1.284609e+03   3.745563e+07      0s
      43    0.0000000e+00   0.000000e+00   0.000000e+00      0s

Solved in 43 iterations and 0.00 seconds (0.00 work units)
Optimal objective  0.000000000e+00
Gurobi Optimizer version 9.5.1 build v9.5.1rc2 (win64)
Thread count: 4 physical cores, 8 logical processors, using up to 8 threads
Optimize a model with 101 rows, 283 columns and 662 nonzeros
Model fingerprint: 0x41428668
Coefficient statistics:
  Matrix range     [1e+00, 3e+03]
  Objective range  [1e+00, 1e+00]
  Bounds range     [0e+00, 0e+00]
  RHS range        [1e+00, 8e+04]
Iteration    Objective       Primal Inf.    Dual Inf.      Time
       0    8.2215000e+04   0.000000e+00   2.397156e+03      0s
      40    0.0000000e+00   0.000000e+00   0.000000e+00      0s

Solved in 40 iterations and 0.00 seconds (0.00 work units)
Optimal objective  0.000000000e+00
Gurobi Optimizer version 9.5.1 build v9.5.1rc2 (win64)
Thread count: 4 physical cores, 8 logical processors, using up to 8 threads
Optimize a model with 102 rows, 182 columns and 564 nonzeros
Coefficient statistics:
  Matrix range     [1e+00, 3e+03]
  Objective range  [1e+00, 1e+00]
  Bounds range     [0e+00, 0e+00]
  RHS range        [1e+00, 8e+04]
Iteration    Objective       Primal Inf.    Dual Inf.      Time
       0    0.0000000e+00   1.000000e+00   9.999995e+05      0s
       1    5.0000000e-01   0.000000e+00   0.000000e+00      0s

Solved in 1 iterations and 0.00 seconds (0.00 work units)
Optimal objective  5.000000000e-01

Gurobi 9.5.1 (win64, Java) logging started Fri Apr  8 22:15:56 2022

Set parameter Username
Academic license - for non-commercial use only - expires 2023-02-25
Set parameter Presolve to value 0
Set parameter Method to value 0
Gurobi Optimizer version 9.5.1 build v9.5.1rc2 (win64)
Thread count: 4 physical cores, 8 logical processors, using up to 8 threads
Optimize a model with 101 rows, 182 columns and 563 nonzeros
Model fingerprint: 0x849c0eab
Coefficient statistics:
  Matrix range     [1e+00, 3e+03]
  Objective range  [1e+00, 1e+00]
  Bounds range     [0e+00, 0e+00]
  RHS range        [1e+00, 8e+04]
Iteration    Objective       Primal Inf.    Dual Inf.      Time
       0    0.0000000e+00   1.284609e+03   3.745563e+07      0s
      43    0.0000000e+00   0.000000e+00   0.000000e+00      0s

Solved in 43 iterations and 0.01 seconds (0.00 work units)
Optimal objective  0.000000000e+00
Gurobi Optimizer version 9.5.1 build v9.5.1rc2 (win64)
Thread count: 4 physical cores, 8 logical processors, using up to 8 threads
Optimize a model with 101 rows, 283 columns and 662 nonzeros
Model fingerprint: 0x41428668
Coefficient statistics:
  Matrix range     [1e+00, 3e+03]
  Objective range  [1e+00, 1e+00]
  Bounds range     [0e+00, 0e+00]
  RHS range        [1e+00, 8e+04]
Iteration    Objective       Primal Inf.    Dual Inf.      Time
       0    8.2215000e+04   0.000000e+00   2.397156e+03      0s
      40    0.0000000e+00   0.000000e+00   0.000000e+00      0s

Solved in 40 iterations and 0.00 seconds (0.00 work units)
Optimal objective  0.000000000e+00
Gurobi Optimizer version 9.5.1 build v9.5.1rc2 (win64)
Thread count: 4 physical cores, 8 logical processors, using up to 8 threads
Optimize a model with 102 rows, 182 columns and 564 nonzeros
Coefficient statistics:
  Matrix range     [1e+00, 3e+03]
  Objective range  [1e+00, 1e+00]
  Bounds range     [0e+00, 0e+00]
  RHS range        [1e+00, 8e+04]
Iteration    Objective       Primal Inf.    Dual Inf.      Time
       0    0.0000000e+00   1.000000e+00   9.999995e+05      0s
       1    5.0000000e-01   0.000000e+00   0.000000e+00      0s

Solved in 1 iterations and 0.00 seconds (0.00 work units)
Optimal objective  5.000000000e-01

Gurobi 9.5.1 (win64, Java) logging started Fri Apr  8 22:27:03 2022

Set parameter Username
Academic license - for non-commercial use only - expires 2023-02-25
Set parameter Presolve to value 0
Set parameter Method to value 0
Gurobi Optimizer version 9.5.1 build v9.5.1rc2 (win64)
Thread count: 4 physical cores, 8 logical processors, using up to 8 threads
Optimize a model with 101 rows, 182 columns and 563 nonzeros
Model fingerprint: 0x849c0eab
Coefficient statistics:
  Matrix range     [1e+00, 3e+03]
  Objective range  [1e+00, 1e+00]
  Bounds range     [0e+00, 0e+00]
  RHS range        [1e+00, 8e+04]
Iteration    Objective       Primal Inf.    Dual Inf.      Time
       0    0.0000000e+00   1.284609e+03   3.745563e+07      0s
      43    0.0000000e+00   0.000000e+00   0.000000e+00      0s

Solved in 43 iterations and 0.01 seconds (0.00 work units)
Optimal objective  0.000000000e+00
Gurobi Optimizer version 9.5.1 build v9.5.1rc2 (win64)
Thread count: 4 physical cores, 8 logical processors, using up to 8 threads
Optimize a model with 101 rows, 283 columns and 662 nonzeros
Model fingerprint: 0x41428668
Coefficient statistics:
  Matrix range     [1e+00, 3e+03]
  Objective range  [1e+00, 1e+00]
  Bounds range     [0e+00, 0e+00]
  RHS range        [1e+00, 8e+04]
Iteration    Objective       Primal Inf.    Dual Inf.      Time
       0    8.2215000e+04   0.000000e+00   2.397156e+03      0s
      40    0.0000000e+00   0.000000e+00   0.000000e+00      0s

Solved in 40 iterations and 0.00 seconds (0.00 work units)
Optimal objective  0.000000000e+00
Gurobi Optimizer version 9.5.1 build v9.5.1rc2 (win64)
Thread count: 4 physical cores, 8 logical processors, using up to 8 threads
Optimize a model with 102 rows, 182 columns and 564 nonzeros
Coefficient statistics:
  Matrix range     [1e+00, 3e+03]
  Objective range  [1e+00, 1e+00]
  Bounds range     [0e+00, 0e+00]
  RHS range        [1e+00, 8e+04]
Iteration    Objective       Primal Inf.    Dual Inf.      Time
       0    0.0000000e+00   1.000000e+00   9.999995e+05      0s
       1    5.0000000e-01   0.000000e+00   0.000000e+00      0s

Solved in 1 iterations and 0.00 seconds (0.00 work units)
Optimal objective  5.000000000e-01
